
2023-10-11 10:39:41 EDT: N8EPK-11>APLIGA,WIDE1-1,WIDE2-1,qAO,N8EPK-10:>Bartold4: Hi Aunt Kathy!!!
2023-10-12 10:00:30 EDT: N8EPK-11>APLIGA,WIDE1-1,WIDE2-1,qAO,N8EPK-10:>Bartold4: Hi Aunt Kathy!!!
2023-10-12 10:09:06 EDT: N8EPK-11>APLIGA,WIDE1-1,WIDE2-1,qAO,N8EPK-10:/140859h4247.22N/08302.53WO000/003/A=000891 002TxC  15.10C  978.23hPa  4.57V 06S https://bartold.sienkowski.com/
2023-10-12 10:11:26 EDT: N8EPK-11>APLIGA,WIDE1-1,WIDE2-1,qAO,N8EPK-10:/141121h4247.21N/08302.55WO193/004/A=000727 003TxC  13.90C  977.70hPa  4.67V 05S https://bartold.sienkowski.com/
2023-10-12 10:12:41 EDT: N8EPK-11>APLIGA,WIDE1-1,WIDE2-1,qAO,N8EPK-10:/141236h4247.14N/08302.55WO217/003/A=001116 004TxC  14.10C  969.40hPa  4.55V 07S https://bartold.sienkowski.com/
2023-10-12 10:15:02 EDT: N8EPK-11>APLIGA,WIDE1-1,WIDE2-1,qAO,N8EPK-10:/141457h4246.91N/08302.68WO196/008/A=001402 005TxC  13.40C  962.03hPa  4.82V 06S https://bartold.sienkowski.com/
2023-10-12 10:16:17 EDT: N8EPK-11>APLIGA,WIDE1-1,WIDE2-1,qAO,N8EPK-10:/141612h4246.73N/08302.76WO213/007/A=001605 006TxC  15.30C  960.25hPa  4.77V 05S https://bartold.sienkowski.com/
2023-10-12 10:17:32 EDT: N8EPK-11>APLIGA,WIDE1-1,WIDE2-1,qAO,N8EPK-10:/141727h4246.58N/08302.92WO219/009/A=001505 007TxC  16.60C  957.90hPa  4.80V 06S https://bartold.sienkowski.com/
2023-10-12 10:18:51 EDT: N8EPK-11>APLIGA,WIDE1-1,WIDE2-1,qAO,N8EPK-10:/141846h4246.43N/08303.10WO208/009/A=000137 008TxC  21.10C  962.45hPa  4.93V 07S https://bartold.sienkowski.com/
2023-10-12 10:20:06 EDT: N8EPK-11>APLIGA,WIDE1-1,WIDE2-1,qAO,N8EPK-10:/142001h4246.23N/08303.20WO205/008/A=001144 009TxC  22.40C  967.85hPa  5.13V 07S https://bartold.sienkowski.com/
2023-10-12 10:21:22 EDT: N8EPK-11>APLIGA,W8CMN-14,WIDE1*,WIDE2-1,qAR,K8JTT:/142115h4246.11N/08303.31WO220/007/A=001157 010TxC  22.00C  970.28hPa  5.03V 07S https://bartold.sienkowski.com/
2023-10-12 10:22:35 EDT: N8EPK-11>APLIGA,W8CMN-14,WIDE1*,WIDE2-1,qAR,N8HKU-5:/142228h4245.97N/08303.45WO219/007/A=001144 011TxC  19.80C  969.71hPa  4.85V 06S https://bartold.sienkowski.com/
2023-10-12 10:23:51 EDT: N8EPK-11>APLIG7,W8CMN-14*,WIDE1*,WIDE2-1,qAR,KB8JIU:/142343h4245.85N/08303.56WO210/006/A=001307 012TxC  17.40C  968.08hPa  4.88V 05S https://bartold.sienkowski.com/
2023-10-12 10:25:03 EDT: N8EPK-11>APLIGA,N8LPD,WIDE1*,WIDE2-1,qAR,METMOR:/142457h4245.71N/08303.66WO210/002/A=001067 013TxC  17.80C  967.29hPa  4.78V 06S https://bartold.sienkowski.com/
2023-10-12 10:26:17 EDT: N8EPK-11>APLIGA,N8LPD,WIDE1*,WIDE2-1,qAR,METMOR:/142611h4245.77N/08303.88WO207/008/A=-01625 014TxC  17.40C  964.49hPa  4.67V 05S https://bartold.sienkowski.com/
2023-10-12 10:27:31 EDT: N8EPK-11>APLIGA,WIDE1-1,WIDE2-1,qAR,W8CMN-14:/142726h4245.52N/08303.86WO214/006/A=001183 015TxC  16.20C  964.85hPa  4.52V 06S https://bartold.sienkowski.com/
2023-10-12 10:29:50 EDT: N8EPK-11>APLIGA,WIDE1-1,WIDE2-1,qAR,W8CMN-14:/142945h4245.34N/08304.05WO209/006/A=001381 016TxC  16.50C  963.41hPa  4.88V 06S https://bartold.sienkowski.com/
2023-10-12 10:29:55 EDT: N8EPK-11>APL2GA,W8CMN-14,WIDE1,VE3WRC,WIDE2*,qAR,W8CMN-14:/142945h4245.34N/08304.05WO209/006/A=001381 016TxC  16.50C  963.41hPa  4.88V 06S https://bartold.sienkowski.com/
2023-10-12 10:31:04 EDT: N8EPK-11>APLIGA,WIDE1-1,WIDE2-1,qAo,VE3CTP:/143059h4245.22N/08304.14WO202/005/A=001272 017TxC  20.50C  969.03hPa  5.15V 05S https://bartold.sienkowski.com/
2023-10-12 10:32:18 EDT: N8EPK-11>APLIGA,WIDE1-1,WIDE2-1,qAR,W8CMN-14:/143213h4245.11N/08304.23WO204/007/A=001131 018TxC  19.80C  971.49hPa  4.88V 06S https://bartold.sienkowski.com/
2023-10-12 10:33:31 EDT: N8EPK-11>APLIGA,WIDE1-1,WIDE2-1,qAR,W8CMN-14:/143326h4245.01N/08304.30WO204/005/A=001059 019TxC  21.40C  974.27hPa  5.02V 05S https://bartold.sienkowski.com/
2023-10-12 10:37:16 EDT: N8EPK-11>APLIGA,WIDE1-1,WIDE2-1,qAR,W8CMN-14:/143711h4244.82N/08304.51WO214/008/A=000898 022TxC  22.90C  969.22hPa  4.80V 07S https://bartold.sienkowski.com/
2023-10-12 10:40:59 EDT: N8EPK-11>APLIGA,SHLBTP,WIDE1*,WIDE2-1,qAR,W8CMN-14:/144052h4244.54N/08304.78WO236/004/A=000584 025TxC  22.80C  978.98hPa  4.98V 05S https://bartold.sienkowski.com/
2023-10-12 10:44:40 EDT: N8EPK-11>APLIGA,WIDE1-1,WIDE2-1,qAR,W8CMN-14:/144435h4244.32N/08304.97WO237/004/A=001182 028TxC  22.50C  964.83hPa  5.10V 05S https://bartold.sienkowski.com/
2023-10-12 10:45:55 EDT: N8EPK-11>APLIGA,N8LPD,WIDE1*,WIDE2-1,qAO,W8XM-11:/144549h4244.26N/08305.06WO227/006/A=001681 029TxC  21.00C  954.35hPa  5.00V 05S https://bartold.sienkowski.com/
2023-10-12 10:47:12 EDT: N8EPK-11>APLIGA,WIDE1-1,WIDE2-1,qAR,METMOR:/144707h4244.17N/08305.19WO222/006/A=001102 030TxC  20.80C  955.03hPa  5.20V 06S https://bartold.sienkowski.com/
2023-10-12 10:48:25 EDT: N8EPK-11>APLIGA,WIDE1-1,WIDE2-1,qAR,W8CMN-14:/144820h4244.05N/08305.26WO222/006/A=001616 031TxC  20.90C  958.15hPa  5.03V 04S https://bartold.sienkowski.com/
2023-10-12 10:49:11 EDT: N8EPK-11>APLIGA,MAYVIL*,WIDE1*,WIDE2-1,qAR,FKNMTH:/144707h4244.17N/08305.19WO222/006/A=001102 030TxC  20.80C  955.03hPa  5.20V 06S https://bartold.sienkowski.com/ [Delayed or out-of-order packet (timestamp)]
2023-10-12 10:50:37 EDT: N8EPK-11>APLIGA,MAYVIL,WIDE1,FKNMTH*,qAR,JAMTWP:/144707h4244.17N/08305.19WO222/006/A=001102 030TxC  20.80C  955.03hPa  5.20V 06S https://bartold.sienkowski.com/ [Delayed or out-of-order packet (timestamp)]
2023-10-12 10:50:56 EDT: N8EPK-11>APLIGA,WIDE1-1,WIDE2-1,qAR,W8CMN-14:/145051h4243.90N/08305.57WO213/008/A=000619 033TxC  22.70C  969.39hPa  5.07V 06S https://bartold.sienkowski.com/
2023-10-12 10:54:43 EDT: N8EPK-11>APLIGA,SHLBTP,WIDE1*,WIDE2-1,qAR,W8CMN-14:/145436h4243.60N/08305.84WO212/007/A=000985 036TxC  18.80C  979.16hPa  4.92V 06S https://bartold.sienkowski.com
